[2017-09-14 14:21:17.629] [ERROR] system - Unhandled Rejection at: Promise  undefined  reason:  { Error: Cannot find module 'serialport'
    at Function.Module._resolveFilename (module.js:470:15)
    at Function.Module._load (module.js:418:25)
    at Module.require (module.js:498:17)
    at require (internal/module.js:20:19)
    at Object.<anonymous> (d:\nodeproject\adserver\index.js:50:20)
    at Module._compile (module.js:571:32)
    at Object.Module._extensions..js (module.js:580:10)
    at Module.load (module.js:488:32)
    at tryModuleLoad (module.js:447:12)
    at Function.Module._load (module.js:439:3)
    at Timeout.Module.runMain [as _onTimeout] (module.js:605:10)
    at ontimeout (timers.js:380:14)
    at tryOnTimeout (timers.js:244:5)
    at Timer.listOnTimeout (timers.js:214:5) code: 'MODULE_NOT_FOUND' }
[2017-09-14 14:21:17.639] [ERROR] system - Error: Cannot find module 'serialport'
    at Function.Module._resolveFilename (module.js:470:15)
    at Function.Module._load (module.js:418:25)
    at Module.require (module.js:498:17)
    at require (internal/module.js:20:19)
    at Object.<anonymous> (d:\nodeproject\adserver\index.js:50:20)
    at Module._compile (module.js:571:32)
    at Object.Module._extensions..js (module.js:580:10)
    at Module.load (module.js:488:32)
    at tryModuleLoad (module.js:447:12)
    at Function.Module._load (module.js:439:3)
    at Timeout.Module.runMain [as _onTimeout] (module.js:605:10)
    at ontimeout (timers.js:380:14)
    at tryOnTimeout (timers.js:244:5)
    at Timer.listOnTimeout (timers.js:214:5)
[2017-09-14 14:21:17.642] [INFO] system - 服务器启动成功! 端口号: 80
[2017-09-14 14:21:56.033] [ERROR] system - Unhandled Rejection at: Promise  undefined  reason:  { Error: Cannot find module 'node-schedule'
    at Function.Module._resolveFilename (module.js:470:15)
    at Function.Module._load (module.js:418:25)
    at Module.require (module.js:498:17)
    at require (internal/module.js:20:19)
    at Object.<anonymous> (d:\nodeproject\adserver\index.js:108:18)
    at Module._compile (module.js:571:32)
    at Object.Module._extensions..js (module.js:580:10)
    at Module.load (module.js:488:32)
    at tryModuleLoad (module.js:447:12)
    at Function.Module._load (module.js:439:3)
    at Timeout.Module.runMain [as _onTimeout] (module.js:605:10)
    at ontimeout (timers.js:380:14)
    at tryOnTimeout (timers.js:244:5)
    at Timer.listOnTimeout (timers.js:214:5) code: 'MODULE_NOT_FOUND' }
[2017-09-14 14:21:56.044] [ERROR] system - Error: Cannot find module 'node-schedule'
    at Function.Module._resolveFilename (module.js:470:15)
    at Function.Module._load (module.js:418:25)
    at Module.require (module.js:498:17)
    at require (internal/module.js:20:19)
    at Object.<anonymous> (d:\nodeproject\adserver\index.js:108:18)
    at Module._compile (module.js:571:32)
    at Object.Module._extensions..js (module.js:580:10)
    at Module.load (module.js:488:32)
    at tryModuleLoad (module.js:447:12)
    at Function.Module._load (module.js:439:3)
    at Timeout.Module.runMain [as _onTimeout] (module.js:605:10)
    at ontimeout (timers.js:380:14)
    at tryOnTimeout (timers.js:244:5)
    at Timer.listOnTimeout (timers.js:214:5)
[2017-09-14 14:21:56.046] [INFO] system - 服务器启动成功! 端口号: 80
[2017-09-14 14:21:56.078] [INFO] system - 连接服务器成功!
[2017-09-14 14:22:39.527] [ERROR] system - Unhandled Rejection at: Promise  undefined  reason:  { Error: Cannot find module 'node-schedule'
    at Function.Module._resolveFilename (module.js:470:15)
    at Function.Module._load (module.js:418:25)
    at Module.require (module.js:498:17)
    at require (internal/module.js:20:19)
    at Object.<anonymous> (d:\nodeproject\adserver\index.js:108:18)
    at Module._compile (module.js:571:32)
    at Object.Module._extensions..js (module.js:580:10)
    at Module.load (module.js:488:32)
    at tryModuleLoad (module.js:447:12)
    at Function.Module._load (module.js:439:3)
    at Timeout.Module.runMain [as _onTimeout] (module.js:605:10)
    at ontimeout (timers.js:380:14)
    at tryOnTimeout (timers.js:244:5)
    at Timer.listOnTimeout (timers.js:214:5) code: 'MODULE_NOT_FOUND' }
[2017-09-14 14:22:39.538] [ERROR] system - Error: Cannot find module 'node-schedule'
    at Function.Module._resolveFilename (module.js:470:15)
    at Function.Module._load (module.js:418:25)
    at Module.require (module.js:498:17)
    at require (internal/module.js:20:19)
    at Object.<anonymous> (d:\nodeproject\adserver\index.js:108:18)
    at Module._compile (module.js:571:32)
    at Object.Module._extensions..js (module.js:580:10)
    at Module.load (module.js:488:32)
    at tryModuleLoad (module.js:447:12)
    at Function.Module._load (module.js:439:3)
    at Timeout.Module.runMain [as _onTimeout] (module.js:605:10)
    at ontimeout (timers.js:380:14)
    at tryOnTimeout (timers.js:244:5)
    at Timer.listOnTimeout (timers.js:214:5)
[2017-09-14 14:22:39.540] [INFO] system - 服务器启动成功! 端口号: 80
[2017-09-14 14:22:39.569] [INFO] system - 连接服务器成功!
[2017-09-14 14:23:23.147] [INFO] system - 服务器启动成功! 端口号: 80
[2017-09-14 14:23:23.770] [INFO] system - 连接服务器成功!
[2017-09-14 14:23:32.190] [INFO] system - 服务器启动成功! 端口号: 80
[2017-09-14 14:23:33.720] [INFO] system - 连接服务器成功!
[2017-09-14 14:24:00.018] [INFO] system - -----------广告同步开始--------------
[2017-09-14 14:24:09.136] [INFO] system - 与服务器断开连接!
[2017-09-14 14:24:37.702] [INFO] system - 获取广告失败,错误信息 该设备未配置广告策略 http://dt.ev-t.top/chservice/advertising/adById/null
[2017-09-14 14:24:55.970] [INFO] system - -----------广告同步结束------------
[2017-09-14 14:24:56.040] [INFO] system - 正在尝试与服务第1次重连!
[2017-09-14 14:24:56.046] [INFO] system - 连接服务器成功!
[2017-09-14 14:25:24.776] [ERROR] system - Unhandled Rejection at: Promise  undefined  reason:  ReferenceError: protocol22 is not defined
    at Job.schedule.scheduleJob [as job] (d:\nodeproject\adserver\index.js:153:5)
    at Job.invoke (d:\nodeproject\adserver\node_modules\node-schedule\lib\schedule.js:173:10)
    at Timeout._onTimeout (d:\nodeproject\adserver\node_modules\node-schedule\lib\schedule.js:543:11)
    at ontimeout (timers.js:380:14)
    at tryOnTimeout (timers.js:244:5)
    at Timer.listOnTimeout (timers.js:214:5)
[2017-09-14 14:25:24.790] [ERROR] system - ReferenceError: protocol22 is not defined
    at Job.schedule.scheduleJob [as job] (d:\nodeproject\adserver\index.js:153:5)
    at Job.invoke (d:\nodeproject\adserver\node_modules\node-schedule\lib\schedule.js:173:10)
    at Timeout._onTimeout (d:\nodeproject\adserver\node_modules\node-schedule\lib\schedule.js:543:11)
    at ontimeout (timers.js:380:14)
    at tryOnTimeout (timers.js:244:5)
    at Timer.listOnTimeout (timers.js:214:5)
[2017-09-14 14:25:24.806] [INFO] system - 与服务器断开连接!
[2017-09-14 14:25:25.549] [INFO] system - 正在尝试与服务第1次重连!
[2017-09-14 14:25:25.554] [INFO] system - 连接服务器成功!
[2017-09-14 14:26:21.072] [INFO] system - 服务器启动成功! 端口号: 80
[2017-09-14 14:26:21.103] [INFO] system - 连接服务器成功!
[2017-09-14 14:26:52.992] [INFO] system - 服务器启动成功! 端口号: 80
[2017-09-14 14:26:54.291] [INFO] system - 连接服务器成功!
[2017-09-14 14:27:00.025] [INFO] system - -----------广告同步开始--------------
[2017-09-14 14:27:00.071] [INFO] system - 获取广告失败,错误信息 该设备未配置广告策略 http://dt.ev-t.top/chservice/advertising/adById/null
[2017-09-14 14:27:00.071] [INFO] system - -----------广告同步结束------------
[2017-09-14 14:40:00.004] [INFO] system - -----------版本更新开始--------------
[2017-09-14 14:40:00.044] [INFO] system - 当前版本为最新版本!
[2017-09-14 14:40:00.045] [INFO] system - -----------版本更新结束------------
